Arguments: 
  D:\progranData\nodejs\node.exe C:\Users\yunqi\AppData\Roaming\npm\node_modules\yarn\bin\yarn.js add umi@3.5.20 --save

PATH: 
  C:\Windows\system32;C:\Windows;C:\Windows\System32\Wbem;C:\Windows\System32\WindowsPowerShell\v1.0\;C:\Windows\System32\OpenSSH\;D:\Program Files\Microsoft VS Code\bin;C:\ProgramData\chocolatey\bin;D:\progranData\nodejs\;C:\Program Files\TortoiseSVN\bin;D:\Program Files\Git\cmd;D:\Program Files (x86)\Tencent\微信web开发者工具\dll;C:\Users\yunqi\AppData\Local\Microsoft\WindowsApps;C:\Users\yunqi\AppData\Roaming\npm;D:\progranData\nodejs\node_global;

Yarn version: 
  1.22.19

Node version: 
  16.15.1

Platform: 
  win32 x64

Trace: 
  Error: ENOENT: no such file or directory, copyfile 'C:\Users\yunqi\AppData\Local\Yarn\Cache\v6\npm-to-fast-properties-2.0.0-dc5e698cbd079265bc73e0377681a4e4e83f616e-integrity\node_modules\to-fast-properties\index.js' -> 'E:\project\个人\博客园代码\webnote\node_modules\@babel\types\node_modules\to-fast-properties\index.js'

npm manifest: 
  {
    "name": "antd-demo",
    "version": "1.0.0",
    "description": "",
    "directories": {
      "doc": "docs"
    },
    "dependencies": {
      "@ant-design/icons": "^5.0.1",
      "antd": "^4.20.0",
      "babel-core": "^6.26.3",
      "css-loader": "^3.5.3",
      "less-loader": "^2.2.3",
      "moment": "^2.28.0",
      "postcss-loader": "^3.0.0",
      "rc-queue-anim": "^0.12.5",
      "react": "^16.13.1",
      "react-dom": "^16.13.1",
      "react-masonry-component": "^6.2.1",
      "react-router": "^2.7.0",
      "style-loader": "^1.2.1"
    },
    "devDependencies": {
      "babel-core": "^6.13.2",
      "babel-loader": "^6.2.5",
      "babel-plugin-import": "^1.13.0",
      "babel-preset-es2015": "^6.13.2",
      "babel-preset-react": "^6.24.1",
      "babel-preset-stage-0": "^6.24.1",
      "clean-webpack-plugin": "^1.0.0",
      "copy-webpack-plugin": "^4.6.0",
      "extract-text-webpack-plugin": "^1.0.1",
      "file-loader": "^0.9.0",
      "glob": "^7.1.3",
      "html-webpack-plugin": "^3.2.0",
      "less": "^2.7.1",
      "r-img-lazyload": "^1.1.0",
      "react-lazyimg-component": "0.0.2",
      "url-loader": "^0.5.7",
      "webpack": "^1.13.2",
      "webpack-dev-server": "^1.14.1"
    },
    "proxy": {
      "/api/**": {
        "target": "https://easymock.spiritling.pub/",
        "changeOrigin": true
      }
    },
    "scripts": {
      "start": "webpack-dev-server --inline --content-base . --history-api-fallback",
      "test": "echo \"Error: no test specified\" && exit 1",
      "build": "webpack -w"
    },
    "keywords": [],
    "author": "",
    "license": "ISC"
  }

yarn manifest: 
  No manifest

Lockfile: 
  No lockfile
